
Showing logs for build [32mcb-kubecd-environment-pr-177-57-kzjgl-1[0m stage [32mfrom-build-pack[0m and container [32mstep-credential-initializer-58kf7[0m
{"level":"warn","ts":1583652229.2100363,"logger":"fallback-logger","caller":"logging/config.go:69","msg":"Fetch GitHub commit ID from kodata failed: \"ref: refs/heads/0.8.0-**-support-backwards-incompats\" is not a valid GitHub commit ID"}
{"level":"info","ts":1583652229.2106373,"logger":"fallback-logger","caller":"creds-init/main.go:40","msg":"Credentials initialized."}

Showing logs for build [32mcb-kubecd-environment-pr-177-57-kzjgl-1[0m stage [32mfrom-build-pack[0m and container [32mstep-working-dir-initializer-fdbg2[0m
{"level":"warn","ts":1583652229.7241123,"logger":"fallback-logger","caller":"logging/config.go:69","msg":"Fetch GitHub commit ID from kodata failed: open /var/run/ko/HEAD: no such file or directory"}
{"level":"info","ts":1583652229.7276978,"logger":"fallback-logger","caller":"bash/main.go:64","msg":"Successfully executed command \"sh -c mkdir -p /workspace/source\"; output "}

Showing logs for build [32mcb-kubecd-environment-pr-177-57-kzjgl-1[0m stage [32mfrom-build-pack[0m and container [32mstep-place-tools[0m

Showing logs for build [32mcb-kubecd-environment-pr-177-57-kzjgl-1[0m stage [32mfrom-build-pack[0m and container [32mstep-git-source-cb-kubecd-environment-pr-177-57-kzjgl-gl2tz[0m
{"level":"warn","ts":1583652234.0155034,"logger":"fallback-logger","caller":"logging/config.go:69","msg":"Fetch GitHub commit ID from kodata failed: \"ref: refs/heads/0.8.0-**-support-backwards-incompats\" is not a valid GitHub commit ID"}
{"level":"info","ts":1583652235.0463996,"logger":"fallback-logger","caller":"git/git.go:103","msg":"Successfully cloned https://github.com/cb-kubecd/environment-pr-177-57-boot-gke-staging.git @ master in path /workspace/source"}

Showing logs for build [32mcb-kubecd-environment-pr-177-57-kzjgl-1[0m stage [32mfrom-build-pack[0m and container [32mstep-git-merge[0m
Using SHAs from PULL_REFS=master:d0d2dba47c90308f1013d11ecad9b49708a6c22c,4:dfbd3b777b526193c8ca4860c911cb3eef1522f5
DEBUG: LC_ALL=C JX_LOG_LEVEL=error git fetch origin --unshallow dfbd3b777b526193c8ca4860c911cb3eef1522f5: d0d2dba47c90308f1013d11ecad9b49708a6c22c:
DEBUG: ran git fetch --unshallow origin dfbd3b777b526193c8ca4860c911cb3eef1522f5: d0d2dba47c90308f1013d11ecad9b49708a6c22c: in 
DEBUG: LC_ALL=C JX_LOG_LEVEL=error git branch
DEBUG: JX_LOG_LEVEL=error LC_ALL=C git checkout master
DEBUG: ran git checkout master in 
DEBUG: LC_ALL=C JX_LOG_LEVEL=error git reset --hard d0d2dba47c90308f1013d11ecad9b49708a6c22c
DEBUG: ran git reset --hard d0d2dba47c90308f1013d11ecad9b49708a6c22c in 
DEBUG: LC_ALL=C JX_LOG_LEVEL=error git clean -fd .
DEBUG: ran clean --force -d . in 
DEBUG: LC_ALL=C JX_LOG_LEVEL=error git merge dfbd3b777b526193c8ca4860c911cb3eef1522f5
DEBUG: ran git merge dfbd3b777b526193c8ca4860c911cb3eef1522f5 in 
DEBUG: LC_ALL=C JX_LOG_LEVEL=error git log --format=%H%x1f%an%x1f%ae%x1f%cn%x1f%ce%x1f%s%n%b%x1e d0d2dba47c90308f1013d11ecad9b49708a6c22c..HEAD
Merged SHA dfbd3b777b526193c8ca4860c911cb3eef1522f5 with commit message 'chore: Promote bdd-nh-1583650431 to version 0.0.1' into base branch master

Showing logs for build [32mcb-kubecd-environment-pr-177-57-kzjgl-1[0m stage [32mfrom-build-pack[0m and container [32mstep-build-helm-build[0m
WARNING: No $CHART_REPOSITORY defined so using the default value of: http://jenkins-x-chartmuseum:8080
Adding missing Helm repo: storage.googleapis.com https://storage.googleapis.com/chartmuseum.jenkins-x.io
WARNING: No secrets found on "helm/repos" due: reading the secret "helm/repos" from vault: no secret "helm/repos" not found in vault
Read credentials for https://storage.googleapis.com/chartmuseum.jenkins-x.io from vault helm/repos
Successfully added Helm repository storage.googleapis.com.
Adding missing Helm repo: jenkins-x-chartmuseum http://jenkins-x-chartmuseum:8080
WARNING: No secrets found on "helm/repos" due: reading the secret "helm/repos" from vault: no secret "helm/repos" not found in vault
Read credentials for http://jenkins-x-chartmuseum:8080 from vault helm/repos
Successfully added Helm repository jenkins-x-chartmuseum.
WARNING: No $CHART_REPOSITORY defined so using the default value of: http://jenkins-x-chartmuseum:8080
Adding missing Helm repo: chartmuseum.jenkins-x.io http://chartmuseum.jenkins-x.io
WARNING: No secrets found on "helm/repos" due: reading the secret "helm/repos" from vault: no secret "helm/repos" not found in vault
Read credentials for http://chartmuseum.jenkins-x.io from vault helm/repos
Successfully added Helm repository chartmuseum.jenkins-x.io.
